2014-01-03 19:48:48,035 [Worker-23] INFO  o.e.m.c.i.p.ProjectConfigurationManager - Collecting project info '/pom.xml' C:\Ramz_Trainingz\JXLS\JXLS_workspace\JXLSProject\pom.xml
2014-01-03 19:48:49,858 [Worker-23] INFO  o.e.m.c.i.l.LifecycleMappingFactory - Using org.eclipse.m2e.jdt.JarLifecycleMapping lifecycle mapping for MavenProject: JXLSProject:JXLSProject:0.0.1-SNAPSHOT @ C:\Ramz_Trainingz\JXLS\JXLS_workspace\JXLSProject\pom.xml.
2014-01-03 19:48:51,077 [Worker-23] INFO  o.e.m.j.i.AbstractJavaProjectConfigurator - Adding source folder /JXLSProject/src/main/java
2014-01-03 19:48:51,094 [Worker-23] INFO  o.e.m.j.i.AbstractJavaProjectConfigurator - Adding source folder /JXLSProject/src/test/java
2014-01-03 19:48:51,258 [Worker-23] INFO  o.e.m.c.i.p.ProjectConfigurationManager - Project import completed 3 sec
2014-01-03 19:48:51,766 [Worker-20] INFO  o.e.m.c.i.l.LifecycleMappingFactory - Using org.eclipse.m2e.jdt.JarLifecycleMapping lifecycle mapping for MavenProject: JXLSProject:JXLSProject:0.0.1-SNAPSHOT @ C:\Ramz_Trainingz\JXLS\JXLS_workspace\JXLSProject\pom.xml.
2014-01-03 19:48:51,989 [Worker-20] INFO  o.e.m.c.i.embedder.EclipseLogger - Using 'UTF-8' encoding to copy filtered resources.
2014-01-03 19:48:51,989 [Worker-20] INFO  o.e.m.c.i.embedder.EclipseLogger - skip non existing resourceDirectory C:\Ramz_Trainingz\JXLS\JXLS_workspace\JXLSProject\src\main\resources
2014-01-03 19:48:51,993 [Worker-20] INFO  o.e.m.c.i.embedder.EclipseLogger - Using 'UTF-8' encoding to copy filtered resources.
2014-01-03 19:48:51,993 [Worker-20] INFO  o.e.m.c.i.embedder.EclipseLogger - skip non existing resourceDirectory C:\Ramz_Trainingz\JXLS\JXLS_workspace\JXLSProject\src\test\resources
2014-01-03 19:48:52,890 [Worker-20] INFO  o.e.m.c.i.l.LifecycleMappingFactory - Using org.eclipse.m2e.jdt.JarLifecycleMapping lifecycle mapping for MavenProject: JXLSProject:JXLSProject:0.0.1-SNAPSHOT @ C:\Ramz_Trainingz\JXLS\JXLS_workspace\JXLSProject\pom.xml.
2014-01-03 19:48:53,159 [Worker-24] INFO  o.e.m.c.i.embedder.EclipseLogger - Using 'UTF-8' encoding to copy filtered resources.
2014-01-03 19:48:53,159 [Worker-24] INFO  o.e.m.c.i.embedder.EclipseLogger - skip non existing resourceDirectory C:\Ramz_Trainingz\JXLS\JXLS_workspace\JXLSProject\src\main\resources
2014-01-03 19:48:53,161 [Worker-24] INFO  o.e.m.c.i.embedder.EclipseLogger - Using 'UTF-8' encoding to copy filtered resources.
2014-01-03 19:48:53,161 [Worker-24] INFO  o.e.m.c.i.embedder.EclipseLogger - skip non existing resourceDirectory C:\Ramz_Trainingz\JXLS\JXLS_workspace\JXLSProject\src\test\resources
2014-01-03 19:51:33,671 [Worker-22] INFO  o.e.m.c.i.l.LifecycleMappingFactory - Using org.eclipse.m2e.jdt.JarLifecycleMapping lifecycle mapping for MavenProject: JXLSProject:JXLSProject:0.0.1-SNAPSHOT @ C:\Ramz_Trainingz\JXLS\JXLS_workspace\JXLSProject\pom.xml.
2014-01-03 19:52:36,711 [Worker-24] INFO  o.e.m.c.i.l.LifecycleMappingFactory - Using org.eclipse.m2e.jdt.JarLifecycleMapping lifecycle mapping for MavenProject: JXLSProject:JXLSProject:0.0.1-SNAPSHOT @ C:\Ramz_Trainingz\JXLS\JXLS_workspace\JXLSProject\pom.xml.
2014-01-03 19:52:36,821 [Worker-24] INFO  c.n.h.c.p.n.NettyAsyncHttpProvider - Number of application's worked threads is 8
2014-01-03 19:52:37,818 [New I/O client worker #1-1] INFO  o.e.m.c.i.e.AbstractTransferListenerAdapter - Downloading http://repo.maven.apache.org/maven2/net/sf/jxls/jxls-core/1.0.2/jxls-core-1.0.2.pom
2014-01-03 19:52:37,821 [New I/O client worker #1-1] INFO  o.e.m.c.i.e.AbstractTransferListenerAdapter - Downloaded http://repo.maven.apache.org/maven2/net/sf/jxls/jxls-core/1.0.2/jxls-core-1.0.2.pom
2014-01-03 19:52:38,156 [Worker-24] INFO  c.n.h.c.p.n.NettyAsyncHttpProvider - Number of application's worked threads is 8
2014-01-03 19:52:38,735 [New I/O client worker #2-1] INFO  o.e.m.c.i.e.AbstractTransferListenerAdapter - Downloading http://repo.maven.apache.org/maven2/net/sf/jxls/jxls/1.0.2/jxls-1.0.2.pom
2014-01-03 19:52:38,736 [New I/O client worker #2-1] INFO  o.e.m.c.i.e.AbstractTransferListenerAdapter - Downloaded http://repo.maven.apache.org/maven2/net/sf/jxls/jxls/1.0.2/jxls-1.0.2.pom
2014-01-03 19:52:39,036 [Worker-24] INFO  c.n.h.c.p.n.NettyAsyncHttpProvider - Number of application's worked threads is 8
2014-01-03 19:52:39,584 [New I/O client worker #3-1] INFO  o.e.m.c.i.e.AbstractTransferListenerAdapter - Downloading http://repo.maven.apache.org/maven2/commons-logging/commons-logging/1.1.1/commons-logging-1.1.1.pom
2014-01-03 19:52:39,854 [New I/O client worker #3-1] INFO  o.e.m.c.i.e.AbstractTransferListenerAdapter - Downloaded http://repo.maven.apache.org/maven2/commons-logging/commons-logging/1.1.1/commons-logging-1.1.1.pom
2014-01-03 19:52:40,167 [Worker-24] INFO  c.n.h.c.p.n.NettyAsyncHttpProvider - Number of application's worked threads is 8
2014-01-03 19:52:40,678 [New I/O client worker #4-1] INFO  o.e.m.c.i.e.AbstractTransferListenerAdapter - Downloading http://repo.maven.apache.org/maven2/org/apache/commons/commons-parent/5/commons-parent-5.pom
2014-01-03 19:52:40,929 [New I/O client worker #4-1] INFO  o.e.m.c.i.e.AbstractTransferListenerAdapter - Downloaded http://repo.maven.apache.org/maven2/org/apache/commons/commons-parent/5/commons-parent-5.pom
2014-01-03 19:52:41,255 [Worker-24] INFO  c.n.h.c.p.n.NettyAsyncHttpProvider - Number of application's worked threads is 8
2014-01-03 19:52:41,831 [New I/O client worker #5-1] INFO  o.e.m.c.i.e.AbstractTransferListenerAdapter - Downloading http://repo.maven.apache.org/maven2/commons-beanutils/commons-beanutils/1.8.2/commons-beanutils-1.8.2.pom
2014-01-03 19:52:41,833 [New I/O client worker #5-1] INFO  o.e.m.c.i.e.AbstractTransferListenerAdapter - Downloaded http://repo.maven.apache.org/maven2/commons-beanutils/commons-beanutils/1.8.2/commons-beanutils-1.8.2.pom
2014-01-03 19:52:42,148 [Worker-24] INFO  c.n.h.c.p.n.NettyAsyncHttpProvider - Number of application's worked threads is 8
2014-01-03 19:52:42,707 [New I/O client worker #6-1] INFO  o.e.m.c.i.e.AbstractTransferListenerAdapter - Downloading http://repo.maven.apache.org/maven2/org/apache/commons/commons-parent/12/commons-parent-12.pom
2014-01-03 19:52:42,984 [New I/O client worker #6-1] INFO  o.e.m.c.i.e.AbstractTransferListenerAdapter - Downloaded http://repo.maven.apache.org/maven2/org/apache/commons/commons-parent/12/commons-parent-12.pom
2014-01-03 19:52:43,343 [Worker-24] INFO  c.n.h.c.p.n.NettyAsyncHttpProvider - Number of application's worked threads is 8
2014-01-03 19:52:43,862 [New I/O client worker #7-1] INFO  o.e.m.c.i.e.AbstractTransferListenerAdapter - Downloading http://repo.maven.apache.org/maven2/commons-digester/commons-digester/2.0/commons-digester-2.0.pom
2014-01-03 19:52:43,864 [New I/O client worker #7-1] INFO  o.e.m.c.i.e.AbstractTransferListenerAdapter - Downloaded http://repo.maven.apache.org/maven2/commons-digester/commons-digester/2.0/commons-digester-2.0.pom
2014-01-03 19:52:44,160 [Worker-24] INFO  c.n.h.c.p.n.NettyAsyncHttpProvider - Number of application's worked threads is 8
2014-01-03 19:52:44,735 [New I/O client worker #8-1] INFO  o.e.m.c.i.e.AbstractTransferListenerAdapter - Downloading http://repo.maven.apache.org/maven2/org/apache/commons/commons-parent/11/commons-parent-11.pom
2014-01-03 19:52:45,021 [New I/O client worker #8-1] INFO  o.e.m.c.i.e.AbstractTransferListenerAdapter - Downloaded http://repo.maven.apache.org/maven2/org/apache/commons/commons-parent/11/commons-parent-11.pom
2014-01-03 19:52:45,349 [Worker-24] INFO  c.n.h.c.p.n.NettyAsyncHttpProvider - Number of application's worked threads is 8
2014-01-03 19:52:45,867 [New I/O client worker #9-1] INFO  o.e.m.c.i.e.AbstractTransferListenerAdapter - Downloading http://repo.maven.apache.org/maven2/commons-beanutils/commons-beanutils/1.8.0/commons-beanutils-1.8.0.pom
2014-01-03 19:52:45,868 [New I/O client worker #9-1] INFO  o.e.m.c.i.e.AbstractTransferListenerAdapter - Downloaded http://repo.maven.apache.org/maven2/commons-beanutils/commons-beanutils/1.8.0/commons-beanutils-1.8.0.pom
2014-01-03 19:52:46,172 [Worker-24] INFO  c.n.h.c.p.n.NettyAsyncHttpProvider - Number of application's worked threads is 8
2014-01-03 19:52:46,731 [New I/O client worker #10-1] INFO  o.e.m.c.i.e.AbstractTransferListenerAdapter - Downloading http://repo.maven.apache.org/maven2/org/apache/commons/commons-jexl/2.0.1/commons-jexl-2.0.1.pom
2014-01-03 19:52:46,734 [New I/O client worker #10-1] INFO  o.e.m.c.i.e.AbstractTransferListenerAdapter - Downloaded http://repo.maven.apache.org/maven2/org/apache/commons/commons-jexl/2.0.1/commons-jexl-2.0.1.pom
2014-01-03 19:52:47,052 [Worker-24] INFO  c.n.h.c.p.n.NettyAsyncHttpProvider - Number of application's worked threads is 8
2014-01-03 19:52:47,565 [New I/O client worker #11-1] INFO  o.e.m.c.i.e.AbstractTransferListenerAdapter - Downloading http://repo.maven.apache.org/maven2/org/apache/commons/commons-parent/14/commons-parent-14.pom
2014-01-03 19:52:47,850 [New I/O client worker #11-1] INFO  o.e.m.c.i.e.AbstractTransferListenerAdapter - Downloaded http://repo.maven.apache.org/maven2/org/apache/commons/commons-parent/14/commons-parent-14.pom
2014-01-03 19:52:48,150 [Worker-24] INFO  c.n.h.c.p.n.NettyAsyncHttpProvider - Number of application's worked threads is 8
2014-01-03 19:52:48,694 [New I/O client worker #12-1] INFO  o.e.m.c.i.e.AbstractTransferListenerAdapter - Downloading http://repo.maven.apache.org/maven2/org/apache/poi/poi/3.9/poi-3.9.pom
2014-01-03 19:52:48,695 [New I/O client worker #12-1] INFO  o.e.m.c.i.e.AbstractTransferListenerAdapter - Downloaded http://repo.maven.apache.org/maven2/org/apache/poi/poi/3.9/poi-3.9.pom
2014-01-03 19:52:48,997 [Worker-24] INFO  c.n.h.c.p.n.NettyAsyncHttpProvider - Number of application's worked threads is 8
2014-01-03 19:52:49,556 [New I/O client worker #13-1] INFO  o.e.m.c.i.e.AbstractTransferListenerAdapter - Downloading http://repo.maven.apache.org/maven2/commons-codec/commons-codec/1.5/commons-codec-1.5.pom
2014-01-03 19:52:49,558 [New I/O client worker #13-1] INFO  o.e.m.c.i.e.AbstractTransferListenerAdapter - Downloaded http://repo.maven.apache.org/maven2/commons-codec/commons-codec/1.5/commons-codec-1.5.pom
2014-01-03 19:52:49,895 [Worker-24] INFO  c.n.h.c.p.n.NettyAsyncHttpProvider - Number of application's worked threads is 8
2014-01-03 19:52:50,420 [New I/O client worker #14-1] INFO  o.e.m.c.i.e.AbstractTransferListenerAdapter - Downloading http://repo.maven.apache.org/maven2/org/apache/commons/commons-parent/20/commons-parent-20.pom
2014-01-03 19:52:50,935 [New I/O client worker #14-1] INFO  o.e.m.c.i.e.AbstractTransferListenerAdapter - Downloaded http://repo.maven.apache.org/maven2/org/apache/commons/commons-parent/20/commons-parent-20.pom
2014-01-03 19:52:51,246 [Worker-24] INFO  c.n.h.c.p.n.NettyAsyncHttpProvider - Number of application's worked threads is 8
2014-01-03 19:52:51,787 [New I/O client worker #15-1] INFO  o.e.m.c.i.e.AbstractTransferListenerAdapter - Downloading http://repo.maven.apache.org/maven2/org/apache/poi/poi-ooxml/3.9/poi-ooxml-3.9.pom
2014-01-03 19:52:51,788 [New I/O client worker #15-1] INFO  o.e.m.c.i.e.AbstractTransferListenerAdapter - Downloaded http://repo.maven.apache.org/maven2/org/apache/poi/poi-ooxml/3.9/poi-ooxml-3.9.pom
2014-01-03 19:52:52,093 [Worker-24] INFO  c.n.h.c.p.n.NettyAsyncHttpProvider - Number of application's worked threads is 8
2014-01-03 19:52:52,612 [New I/O client worker #16-1] INFO  o.e.m.c.i.e.AbstractTransferListenerAdapter - Downloading http://repo.maven.apache.org/maven2/org/apache/poi/poi-ooxml-schemas/3.9/poi-ooxml-schemas-3.9.pom
2014-01-03 19:52:52,613 [New I/O client worker #16-1] INFO  o.e.m.c.i.e.AbstractTransferListenerAdapter - Downloaded http://repo.maven.apache.org/maven2/org/apache/poi/poi-ooxml-schemas/3.9/poi-ooxml-schemas-3.9.pom
2014-01-03 19:52:52,917 [Worker-24] INFO  c.n.h.c.p.n.NettyAsyncHttpProvider - Number of application's worked threads is 8
2014-01-03 19:52:53,458 [New I/O client worker #17-1] INFO  o.e.m.c.i.e.AbstractTransferListenerAdapter - Downloading http://repo.maven.apache.org/maven2/org/apache/xmlbeans/xmlbeans/2.3.0/xmlbeans-2.3.0.pom
2014-01-03 19:52:53,459 [New I/O client worker #17-1] INFO  o.e.m.c.i.e.AbstractTransferListenerAdapter - Downloaded http://repo.maven.apache.org/maven2/org/apache/xmlbeans/xmlbeans/2.3.0/xmlbeans-2.3.0.pom
2014-01-03 19:52:53,762 [Worker-24] INFO  c.n.h.c.p.n.NettyAsyncHttpProvider - Number of application's worked threads is 8
2014-01-03 19:52:54,317 [New I/O client worker #18-1] INFO  o.e.m.c.i.e.AbstractTransferListenerAdapter - Downloading http://repo.maven.apache.org/maven2/stax/stax-api/1.0.1/stax-api-1.0.1.pom
2014-01-03 19:52:54,319 [New I/O client worker #18-1] INFO  o.e.m.c.i.e.AbstractTransferListenerAdapter - Downloaded http://repo.maven.apache.org/maven2/stax/stax-api/1.0.1/stax-api-1.0.1.pom
2014-01-03 19:52:54,677 [Worker-24] INFO  c.n.h.c.p.n.NettyAsyncHttpProvider - Number of application's worked threads is 8
2014-01-03 19:52:55,199 [New I/O client worker #19-4] INFO  o.e.m.c.i.e.AbstractTransferListenerAdapter - Downloading http://repo.maven.apache.org/maven2/commons-digester/commons-digester/2.0/commons-digester-2.0.jar
2014-01-03 19:52:55,203 [New I/O client worker #19-5] INFO  o.e.m.c.i.e.AbstractTransferListenerAdapter - Downloading http://repo.maven.apache.org/maven2/org/apache/commons/commons-jexl/2.0.1/commons-jexl-2.0.1.jar
2014-01-03 19:52:55,207 [New I/O client worker #19-8] INFO  o.e.m.c.i.e.AbstractTransferListenerAdapter - Downloading http://repo.maven.apache.org/maven2/org/apache/poi/poi-ooxml/3.9/poi-ooxml-3.9.jar
2014-01-03 19:52:55,209 [New I/O client worker #19-7] INFO  o.e.m.c.i.e.AbstractTransferListenerAdapter - Downloading http://repo.maven.apache.org/maven2/commons-codec/commons-codec/1.5/commons-codec-1.5.jar
2014-01-03 19:52:55,212 [New I/O client worker #19-6] INFO  o.e.m.c.i.e.AbstractTransferListenerAdapter - Downloading http://repo.maven.apache.org/maven2/org/apache/poi/poi/3.9/poi-3.9.jar
2014-01-03 19:52:55,219 [New I/O client worker #19-2] INFO  o.e.m.c.i.e.AbstractTransferListenerAdapter - Downloading http://repo.maven.apache.org/maven2/org/apache/xmlbeans/xmlbeans/2.3.0/xmlbeans-2.3.0.jar
2014-01-03 19:52:55,238 [New I/O client worker #19-3] INFO  o.e.m.c.i.e.AbstractTransferListenerAdapter - Downloading http://repo.maven.apache.org/maven2/commons-beanutils/commons-beanutils/1.8.2/commons-beanutils-1.8.2.jar
2014-01-03 19:52:55,240 [New I/O client worker #19-2] INFO  o.e.m.c.i.e.AbstractTransferListenerAdapter - Downloading http://repo.maven.apache.org/maven2/commons-logging/commons-logging/1.1.1/commons-logging-1.1.1.jar
2014-01-03 19:52:55,241 [New I/O client worker #19-1] INFO  o.e.m.c.i.e.AbstractTransferListenerAdapter - Downloading http://repo.maven.apache.org/maven2/net/sf/jxls/jxls-core/1.0.2/jxls-core-1.0.2.jar
2014-01-03 19:52:55,243 [New I/O client worker #19-3] INFO  o.e.m.c.i.e.AbstractTransferListenerAdapter - Downloading http://repo.maven.apache.org/maven2/stax/stax-api/1.0.1/stax-api-1.0.1.jar
2014-01-03 19:52:55,246 [New I/O client worker #19-1] INFO  o.e.m.c.i.e.AbstractTransferListenerAdapter - Downloading http://repo.maven.apache.org/maven2/org/apache/poi/poi-ooxml-schemas/3.9/poi-ooxml-schemas-3.9.jar
2014-01-03 19:52:55,518 [New I/O client worker #19-3] INFO  o.e.m.c.i.e.AbstractTransferListenerAdapter - Downloaded http://repo.maven.apache.org/maven2/stax/stax-api/1.0.1/stax-api-1.0.1.jar
2014-01-03 19:52:55,995 [New I/O client worker #19-7] INFO  o.e.m.c.i.e.AbstractTransferListenerAdapter - Downloaded http://repo.maven.apache.org/maven2/commons-codec/commons-codec/1.5/commons-codec-1.5.jar
2014-01-03 19:52:56,085 [New I/O client worker #19-2] INFO  o.e.m.c.i.e.AbstractTransferListenerAdapter - Downloaded http://repo.maven.apache.org/maven2/commons-logging/commons-logging/1.1.1/commons-logging-1.1.1.jar
2014-01-03 19:52:56,301 [New I/O client worker #19-1] INFO  o.e.m.c.i.e.AbstractTransferListenerAdapter - Downloaded http://repo.maven.apache.org/maven2/net/sf/jxls/jxls-core/1.0.2/jxls-core-1.0.2.jar
2014-01-03 19:52:56,502 [New I/O client worker #19-4] INFO  o.e.m.c.i.e.AbstractTransferListenerAdapter - Downloaded http://repo.maven.apache.org/maven2/commons-digester/commons-digester/2.0/commons-digester-2.0.jar
2014-01-03 19:52:56,690 [New I/O client worker #19-5] INFO  o.e.m.c.i.e.AbstractTransferListenerAdapter - Downloaded http://repo.maven.apache.org/maven2/org/apache/commons/commons-jexl/2.0.1/commons-jexl-2.0.1.jar
2014-01-03 19:52:56,946 [New I/O client worker #19-3] INFO  o.e.m.c.i.e.AbstractTransferListenerAdapter - Downloaded http://repo.maven.apache.org/maven2/commons-beanutils/commons-beanutils/1.8.2/commons-beanutils-1.8.2.jar
2014-01-03 19:52:58,303 [New I/O client worker #19-8] INFO  o.e.m.c.i.e.AbstractTransferListenerAdapter - Downloaded http://repo.maven.apache.org/maven2/org/apache/poi/poi-ooxml/3.9/poi-ooxml-3.9.jar
2014-01-03 19:52:59,727 [New I/O client worker #19-6] INFO  o.e.m.c.i.e.AbstractTransferListenerAdapter - Downloaded http://repo.maven.apache.org/maven2/org/apache/poi/poi/3.9/poi-3.9.jar
2014-01-03 19:53:00,811 [New I/O client worker #19-2] INFO  o.e.m.c.i.e.AbstractTransferListenerAdapter - Downloaded http://repo.maven.apache.org/maven2/org/apache/xmlbeans/xmlbeans/2.3.0/xmlbeans-2.3.0.jar
2014-01-03 19:53:03,903 [New I/O client worker #19-1] INFO  o.e.m.c.i.e.AbstractTransferListenerAdapter - Downloaded http://repo.maven.apache.org/maven2/org/apache/poi/poi-ooxml-schemas/3.9/poi-ooxml-schemas-3.9.jar
2014-01-03 19:53:06,105 [Worker-24] INFO  o.e.m.c.i.embedder.EclipseLogger - Using 'UTF-8' encoding to copy filtered resources.
2014-01-03 19:53:06,106 [Worker-24] INFO  o.e.m.c.i.embedder.EclipseLogger - skip non existing resourceDirectory C:\Ramz_Trainingz\JXLS\JXLS_workspace\JXLSProject\src\main\resources
2014-01-03 19:53:06,108 [Worker-24] INFO  o.e.m.c.i.embedder.EclipseLogger - Using 'UTF-8' encoding to copy filtered resources.
2014-01-03 19:53:06,108 [Worker-24] INFO  o.e.m.c.i.embedder.EclipseLogger - skip non existing resourceDirectory C:\Ramz_Trainingz\JXLS\JXLS_workspace\JXLSProject\src\test\resources
2014-01-03 19:53:07,379 [Worker-20] INFO  o.e.m.c.i.embedder.EclipseLogger - Using 'UTF-8' encoding to copy filtered resources.
2014-01-03 19:53:07,380 [Worker-20] INFO  o.e.m.c.i.embedder.EclipseLogger - skip non existing resourceDirectory C:\Ramz_Trainingz\JXLS\JXLS_workspace\JXLSProject\src\main\resources
2014-01-03 19:53:07,382 [Worker-20] INFO  o.e.m.c.i.embedder.EclipseLogger - Using 'UTF-8' encoding to copy filtered resources.
2014-01-03 19:53:07,382 [Worker-20] INFO  o.e.m.c.i.embedder.EclipseLogger - skip non existing resourceDirectory C:\Ramz_Trainingz\JXLS\JXLS_workspace\JXLSProject\src\test\resources
2014-01-03 19:54:55,163 [Worker-20] INFO  o.e.m.c.i.embedder.EclipseLogger - Using 'UTF-8' encoding to copy filtered resources.
2014-01-03 19:54:55,163 [Worker-20] INFO  o.e.m.c.i.embedder.EclipseLogger - skip non existing resourceDirectory C:\Ramz_Trainingz\JXLS\JXLS_workspace\JXLSProject\src\main\resources
2014-01-03 19:54:55,165 [Worker-20] INFO  o.e.m.c.i.embedder.EclipseLogger - Using 'UTF-8' encoding to copy filtered resources.
2014-01-03 19:54:55,165 [Worker-20] INFO  o.e.m.c.i.embedder.EclipseLogger - skip non existing resourceDirectory C:\Ramz_Trainingz\JXLS\JXLS_workspace\JXLSProject\src\test\resources
2014-01-03 19:55:43,878 [Worker-23] INFO  o.e.m.c.i.embedder.EclipseLogger - Using 'UTF-8' encoding to copy filtered resources.
2014-01-03 19:55:43,878 [Worker-23] INFO  o.e.m.c.i.embedder.EclipseLogger - skip non existing resourceDirectory C:\Ramz_Trainingz\JXLS\JXLS_workspace\JXLSProject\src\main\resources
2014-01-03 19:55:43,880 [Worker-23] INFO  o.e.m.c.i.embedder.EclipseLogger - Using 'UTF-8' encoding to copy filtered resources.
2014-01-03 19:55:43,880 [Worker-23] INFO  o.e.m.c.i.embedder.EclipseLogger - skip non existing resourceDirectory C:\Ramz_Trainingz\JXLS\JXLS_workspace\JXLSProject\src\test\resources
2014-01-03 19:55:57,691 [Worker-23] INFO  o.e.m.c.i.embedder.EclipseLogger - Using 'UTF-8' encoding to copy filtered resources.
2014-01-03 19:55:57,692 [Worker-23] INFO  o.e.m.c.i.embedder.EclipseLogger - skip non existing resourceDirectory C:\Ramz_Trainingz\JXLS\JXLS_workspace\JXLSProject\src\main\resources
2014-01-03 19:55:57,694 [Worker-23] INFO  o.e.m.c.i.embedder.EclipseLogger - Using 'UTF-8' encoding to copy filtered resources.
2014-01-03 19:55:57,694 [Worker-23] INFO  o.e.m.c.i.embedder.EclipseLogger - skip non existing resourceDirectory C:\Ramz_Trainingz\JXLS\JXLS_workspace\JXLSProject\src\test\resources
2014-01-03 19:56:17,986 [Worker-28] INFO  o.e.m.c.i.embedder.EclipseLogger - Using 'UTF-8' encoding to copy filtered resources.
2014-01-03 19:56:17,986 [Worker-28] INFO  o.e.m.c.i.embedder.EclipseLogger - skip non existing resourceDirectory C:\Ramz_Trainingz\JXLS\JXLS_workspace\JXLSProject\src\main\resources
2014-01-03 19:56:17,990 [Worker-28] INFO  o.e.m.c.i.embedder.EclipseLogger - Using 'UTF-8' encoding to copy filtered resources.
2014-01-03 19:56:17,990 [Worker-28] INFO  o.e.m.c.i.embedder.EclipseLogger - skip non existing resourceDirectory C:\Ramz_Trainingz\JXLS\JXLS_workspace\JXLSProject\src\test\resources
2014-01-03 19:56:36,858 [Worker-21] INFO  o.e.m.c.i.embedder.EclipseLogger - Using 'UTF-8' encoding to copy filtered resources.
2014-01-03 19:56:36,858 [Worker-21] INFO  o.e.m.c.i.embedder.EclipseLogger - skip non existing resourceDirectory C:\Ramz_Trainingz\JXLS\JXLS_workspace\JXLSProject\src\main\resources
2014-01-03 19:56:36,859 [Worker-21] INFO  o.e.m.c.i.embedder.EclipseLogger - Using 'UTF-8' encoding to copy filtered resources.
2014-01-03 19:56:36,860 [Worker-21] INFO  o.e.m.c.i.embedder.EclipseLogger - skip non existing resourceDirectory C:\Ramz_Trainingz\JXLS\JXLS_workspace\JXLSProject\src\test\resources
2014-01-03 19:56:52,524 [Worker-24] INFO  o.e.m.c.i.embedder.EclipseLogger - Using 'UTF-8' encoding to copy filtered resources.
2014-01-03 19:56:52,525 [Worker-24] INFO  o.e.m.c.i.embedder.EclipseLogger - skip non existing resourceDirectory C:\Ramz_Trainingz\JXLS\JXLS_workspace\JXLSProject\src\main\resources
2014-01-03 19:56:52,527 [Worker-24] INFO  o.e.m.c.i.embedder.EclipseLogger - Using 'UTF-8' encoding to copy filtered resources.
2014-01-03 19:56:52,527 [Worker-24] INFO  o.e.m.c.i.embedder.EclipseLogger - skip non existing resourceDirectory C:\Ramz_Trainingz\JXLS\JXLS_workspace\JXLSProject\src\test\resources
2014-01-03 19:57:34,251 [Worker-21] INFO  o.e.m.c.i.embedder.EclipseLogger - Using 'UTF-8' encoding to copy filtered resources.
2014-01-03 19:57:34,251 [Worker-21] INFO  o.e.m.c.i.embedder.EclipseLogger - skip non existing resourceDirectory C:\Ramz_Trainingz\JXLS\JXLS_workspace\JXLSProject\src\main\resources
2014-01-03 19:57:34,253 [Worker-21] INFO  o.e.m.c.i.embedder.EclipseLogger - Using 'UTF-8' encoding to copy filtered resources.
2014-01-03 19:57:34,253 [Worker-21] INFO  o.e.m.c.i.embedder.EclipseLogger - skip non existing resourceDirectory C:\Ramz_Trainingz\JXLS\JXLS_workspace\JXLSProject\src\test\resources
2014-01-03 19:57:41,782 [Worker-21] INFO  o.e.m.c.i.embedder.EclipseLogger - Using 'UTF-8' encoding to copy filtered resources.
2014-01-03 19:57:41,783 [Worker-21] INFO  o.e.m.c.i.embedder.EclipseLogger - skip non existing resourceDirectory C:\Ramz_Trainingz\JXLS\JXLS_workspace\JXLSProject\src\main\resources
2014-01-03 19:57:41,784 [Worker-21] INFO  o.e.m.c.i.embedder.EclipseLogger - Using 'UTF-8' encoding to copy filtered resources.
2014-01-03 19:57:41,785 [Worker-21] INFO  o.e.m.c.i.embedder.EclipseLogger - skip non existing resourceDirectory C:\Ramz_Trainingz\JXLS\JXLS_workspace\JXLSProject\src\test\resources
2014-01-03 19:57:56,582 [Worker-20] INFO  o.e.m.c.i.embedder.EclipseLogger - Using 'UTF-8' encoding to copy filtered resources.
2014-01-03 19:57:56,582 [Worker-20] INFO  o.e.m.c.i.embedder.EclipseLogger - skip non existing resourceDirectory C:\Ramz_Trainingz\JXLS\JXLS_workspace\JXLSProject\src\main\resources
2014-01-03 19:57:56,584 [Worker-20] INFO  o.e.m.c.i.embedder.EclipseLogger - Using 'UTF-8' encoding to copy filtered resources.
2014-01-03 19:57:56,585 [Worker-20] INFO  o.e.m.c.i.embedder.EclipseLogger - skip non existing resourceDirectory C:\Ramz_Trainingz\JXLS\JXLS_workspace\JXLSProject\src\test\resources
2014-01-03 20:01:12,334 [Worker-27] INFO  o.e.m.c.i.l.LifecycleMappingFactory - Using org.eclipse.m2e.jdt.JarLifecycleMapping lifecycle mapping for MavenProject: JXLSProject:JXLSProject:0.0.1-SNAPSHOT @ C:\Ramz_Trainingz\JXLS\JXLS_workspace\JXLSProject\pom.xml.
2014-01-03 20:01:12,568 [Worker-27] INFO  o.e.m.c.i.embedder.EclipseLogger - Using 'UTF-8' encoding to copy filtered resources.
2014-01-03 20:01:12,576 [Worker-27] INFO  o.e.m.c.i.embedder.EclipseLogger - Copying 0 resource
2014-01-03 20:01:12,578 [Worker-27] INFO  o.e.m.c.i.embedder.EclipseLogger - Using 'UTF-8' encoding to copy filtered resources.
2014-01-03 20:01:12,578 [Worker-27] INFO  o.e.m.c.i.embedder.EclipseLogger - skip non existing resourceDirectory C:\Ramz_Trainingz\JXLS\JXLS_workspace\JXLSProject\src\test\resources
2014-01-03 20:03:16,477 [Worker-29] INFO  o.e.m.c.i.embedder.EclipseLogger - Using 'UTF-8' encoding to copy filtered resources.
2014-01-03 20:03:16,481 [Worker-29] INFO  o.e.m.c.i.embedder.EclipseLogger - Copying 1 resource
2014-01-03 20:03:16,498 [Worker-29] INFO  o.e.m.c.i.embedder.EclipseLogger - Using 'UTF-8' encoding to copy filtered resources.
2014-01-03 20:03:16,498 [Worker-29] INFO  o.e.m.c.i.embedder.EclipseLogger - skip non existing resourceDirectory C:\Ramz_Trainingz\JXLS\JXLS_workspace\JXLSProject\src\test\resources
2014-01-03 20:04:32,036 [Worker-27] INFO  o.e.m.c.i.embedder.EclipseLogger - Using 'UTF-8' encoding to copy filtered resources.
2014-01-03 20:04:32,039 [Worker-27] INFO  o.e.m.c.i.embedder.EclipseLogger - Copying 1 resource
2014-01-03 20:04:32,043 [Worker-27] INFO  o.e.m.c.i.embedder.EclipseLogger - Using 'UTF-8' encoding to copy filtered resources.
2014-01-03 20:04:32,043 [Worker-27] INFO  o.e.m.c.i.embedder.EclipseLogger - skip non existing resourceDirectory C:\Ramz_Trainingz\JXLS\JXLS_workspace\JXLSProject\src\test\resources
2014-01-03 20:04:42,131 [Worker-23] INFO  o.e.m.c.i.embedder.EclipseLogger - Using 'UTF-8' encoding to copy filtered resources.
2014-01-03 20:04:42,134 [Worker-23] INFO  o.e.m.c.i.embedder.EclipseLogger - Copying 1 resource
2014-01-03 20:04:42,135 [Worker-23] INFO  o.e.m.c.i.embedder.EclipseLogger - Using 'UTF-8' encoding to copy filtered resources.
2014-01-03 20:04:42,136 [Worker-23] INFO  o.e.m.c.i.embedder.EclipseLogger - skip non existing resourceDirectory C:\Ramz_Trainingz\JXLS\JXLS_workspace\JXLSProject\src\test\resources
2014-01-03 20:05:06,440 [Worker-31] INFO  o.e.m.c.i.embedder.EclipseLogger - Using 'UTF-8' encoding to copy filtered resources.
2014-01-03 20:05:06,442 [Worker-31] INFO  o.e.m.c.i.embedder.EclipseLogger - Copying 1 resource
2014-01-03 20:05:06,445 [Worker-31] INFO  o.e.m.c.i.embedder.EclipseLogger - Using 'UTF-8' encoding to copy filtered resources.
2014-01-03 20:05:06,445 [Worker-31] INFO  o.e.m.c.i.embedder.EclipseLogger - skip non existing resourceDirectory C:\Ramz_Trainingz\JXLS\JXLS_workspace\JXLSProject\src\test\resources
2014-01-03 20:05:41,537 [Worker-23] INFO  o.e.m.c.i.embedder.EclipseLogger - Using 'UTF-8' encoding to copy filtered resources.
2014-01-03 20:05:41,541 [Worker-23] INFO  o.e.m.c.i.embedder.EclipseLogger - Copying 1 resource
2014-01-03 20:05:41,544 [Worker-23] INFO  o.e.m.c.i.embedder.EclipseLogger - Using 'UTF-8' encoding to copy filtered resources.
2014-01-03 20:05:41,545 [Worker-23] INFO  o.e.m.c.i.embedder.EclipseLogger - skip non existing resourceDirectory C:\Ramz_Trainingz\JXLS\JXLS_workspace\JXLSProject\src\test\resources
2014-01-06 21:45:10,174 [Worker-3] INFO  o.e.m.c.i.embedder.EclipseLogger - Using 'UTF-8' encoding to copy filtered resources.
2014-01-06 21:45:10,184 [Worker-3] INFO  o.e.m.c.i.embedder.EclipseLogger - Copying 0 resource
2014-01-06 21:45:10,187 [Worker-3] INFO  o.e.m.c.i.embedder.EclipseLogger - Using 'UTF-8' encoding to copy filtered resources.
2014-01-06 21:45:10,187 [Worker-3] INFO  o.e.m.c.i.embedder.EclipseLogger - skip non existing resourceDirectory C:\Ramz_Trainingz\JXLS\JXLS_workspace\JXLSProject\src\test\resources
2014-01-06 21:45:40,315 [Worker-1] INFO  o.e.m.c.i.embedder.EclipseLogger - Using 'UTF-8' encoding to copy filtered resources.
2014-01-06 21:45:40,323 [Worker-1] INFO  o.e.m.c.i.embedder.EclipseLogger - Copying 2 resources
2014-01-06 21:45:40,341 [Worker-1] INFO  o.e.m.c.i.embedder.EclipseLogger - Using 'UTF-8' encoding to copy filtered resources.
2014-01-06 21:45:40,342 [Worker-1] INFO  o.e.m.c.i.embedder.EclipseLogger - skip non existing resourceDirectory C:\Ramz_Trainingz\JXLS\JXLS_workspace\JXLSProject\src\test\resources
2014-01-06 21:58:48,640 [Worker-6] INFO  o.e.m.c.i.embedder.EclipseLogger - Using 'UTF-8' encoding to copy filtered resources.
2014-01-06 21:58:48,644 [Worker-6] INFO  o.e.m.c.i.embedder.EclipseLogger - Copying 2 resources
2014-01-06 21:58:48,658 [Worker-6] INFO  o.e.m.c.i.embedder.EclipseLogger - Using 'UTF-8' encoding to copy filtered resources.
2014-01-06 21:58:48,658 [Worker-6] INFO  o.e.m.c.i.embedder.EclipseLogger - skip non existing resourceDirectory C:\Ramz_Trainingz\JXLS\JXLS_workspace\JXLSProject\src\test\resources
2014-01-06 21:59:01,602 [Worker-8] INFO  o.e.m.c.i.embedder.EclipseLogger - Using 'UTF-8' encoding to copy filtered resources.
2014-01-06 21:59:01,606 [Worker-8] INFO  o.e.m.c.i.embedder.EclipseLogger - Copying 2 resources
2014-01-06 21:59:01,608 [Worker-8] INFO  o.e.m.c.i.embedder.EclipseLogger - Using 'UTF-8' encoding to copy filtered resources.
2014-01-06 21:59:01,609 [Worker-8] INFO  o.e.m.c.i.embedder.EclipseLogger - skip non existing resourceDirectory C:\Ramz_Trainingz\JXLS\JXLS_workspace\JXLSProject\src\test\resources
2014-01-06 22:00:05,270 [Worker-3] INFO  o.e.m.c.i.embedder.EclipseLogger - Using 'UTF-8' encoding to copy filtered resources.
2014-01-06 22:00:05,273 [Worker-3] INFO  o.e.m.c.i.embedder.EclipseLogger - Copying 2 resources
2014-01-06 22:00:05,275 [Worker-3] INFO  o.e.m.c.i.embedder.EclipseLogger - Using 'UTF-8' encoding to copy filtered resources.
2014-01-06 22:00:05,275 [Worker-3] INFO  o.e.m.c.i.embedder.EclipseLogger - skip non existing resourceDirectory C:\Ramz_Trainingz\JXLS\JXLS_workspace\JXLSProject\src\test\resources
2014-01-06 22:01:59,712 [Worker-3] INFO  o.e.m.c.i.embedder.EclipseLogger - Using 'UTF-8' encoding to copy filtered resources.
2014-01-06 22:01:59,715 [Worker-3] INFO  o.e.m.c.i.embedder.EclipseLogger - Copying 2 resources
2014-01-06 22:01:59,717 [Worker-3] INFO  o.e.m.c.i.embedder.EclipseLogger - Using 'UTF-8' encoding to copy filtered resources.
2014-01-06 22:01:59,718 [Worker-3] INFO  o.e.m.c.i.embedder.EclipseLogger - skip non existing resourceDirectory C:\Ramz_Trainingz\JXLS\JXLS_workspace\JXLSProject\src\test\resources
2014-01-06 22:02:32,640 [Worker-6] INFO  o.e.m.c.i.embedder.EclipseLogger - Using 'UTF-8' encoding to copy filtered resources.
2014-01-06 22:02:32,643 [Worker-6] INFO  o.e.m.c.i.embedder.EclipseLogger - Copying 2 resources
2014-01-06 22:02:32,645 [Worker-6] INFO  o.e.m.c.i.embedder.EclipseLogger - Using 'UTF-8' encoding to copy filtered resources.
2014-01-06 22:02:32,646 [Worker-6] INFO  o.e.m.c.i.embedder.EclipseLogger - skip non existing resourceDirectory C:\Ramz_Trainingz\JXLS\JXLS_workspace\JXLSProject\src\test\resources
2014-01-07 21:00:14,886 [Worker-1] INFO  o.e.m.c.i.embedder.EclipseLogger - Using 'UTF-8' encoding to copy filtered resources.
2014-01-07 21:00:14,895 [Worker-1] INFO  o.e.m.c.i.embedder.EclipseLogger - Copying 0 resource
2014-01-07 21:00:14,898 [Worker-1] INFO  o.e.m.c.i.embedder.EclipseLogger - Using 'UTF-8' encoding to copy filtered resources.
2014-01-07 21:00:14,898 [Worker-1] INFO  o.e.m.c.i.embedder.EclipseLogger - skip non existing resourceDirectory C:\Ramz_Trainingz\JXLS\JXLS_workspace\JXLSProject\src\test\resources
2014-01-07 21:00:54,913 [Worker-8] INFO  o.e.m.c.i.embedder.EclipseLogger - Using 'UTF-8' encoding to copy filtered resources.
2014-01-07 21:00:54,919 [Worker-8] INFO  o.e.m.c.i.embedder.EclipseLogger - Copying 2 resources
2014-01-07 21:00:54,946 [Worker-8] INFO  o.e.m.c.i.embedder.EclipseLogger - Using 'UTF-8' encoding to copy filtered resources.
2014-01-07 21:00:54,946 [Worker-8] INFO  o.e.m.c.i.embedder.EclipseLogger - skip non existing resourceDirectory C:\Ramz_Trainingz\JXLS\JXLS_workspace\JXLSProject\src\test\resources
2014-01-07 21:00:59,037 [Worker-1] INFO  o.e.m.c.i.embedder.EclipseLogger - Using 'UTF-8' encoding to copy filtered resources.
2014-01-07 21:00:59,041 [Worker-1] INFO  o.e.m.c.i.embedder.EclipseLogger - Copying 2 resources
2014-01-07 21:00:59,046 [Worker-1] INFO  o.e.m.c.i.embedder.EclipseLogger - Using 'UTF-8' encoding to copy filtered resources.
2014-01-07 21:00:59,046 [Worker-1] INFO  o.e.m.c.i.embedder.EclipseLogger - skip non existing resourceDirectory C:\Ramz_Trainingz\JXLS\JXLS_workspace\JXLSProject\src\test\resources
2014-01-07 21:02:08,577 [Worker-2] INFO  o.e.m.c.i.embedder.EclipseLogger - Using 'UTF-8' encoding to copy filtered resources.
2014-01-07 21:02:08,582 [Worker-2] INFO  o.e.m.c.i.embedder.EclipseLogger - Copying 3 resources
2014-01-07 21:02:08,595 [Worker-2] INFO  o.e.m.c.i.embedder.EclipseLogger - Using 'UTF-8' encoding to copy filtered resources.
2014-01-07 21:02:08,595 [Worker-2] INFO  o.e.m.c.i.embedder.EclipseLogger - skip non existing resourceDirectory C:\Ramz_Trainingz\JXLS\JXLS_workspace\JXLSProject\src\test\resources
2014-01-07 21:02:11,393 [Worker-1] INFO  o.e.m.c.i.embedder.EclipseLogger - Using 'UTF-8' encoding to copy filtered resources.
2014-01-07 21:02:11,397 [Worker-1] INFO  o.e.m.c.i.embedder.EclipseLogger - Copying 3 resources
2014-01-07 21:02:11,399 [Worker-1] INFO  o.e.m.c.i.embedder.EclipseLogger - Using 'UTF-8' encoding to copy filtered resources.
2014-01-07 21:02:11,400 [Worker-1] INFO  o.e.m.c.i.embedder.EclipseLogger - skip non existing resourceDirectory C:\Ramz_Trainingz\JXLS\JXLS_workspace\JXLSProject\src\test\resources
2014-01-07 21:02:18,873 [Worker-0] INFO  o.e.m.c.i.embedder.EclipseLogger - Using 'UTF-8' encoding to copy filtered resources.
2014-01-07 21:02:18,879 [Worker-0] INFO  o.e.m.c.i.embedder.EclipseLogger - Copying 3 resources
2014-01-07 21:02:18,883 [Worker-0] INFO  o.e.m.c.i.embedder.EclipseLogger - Using 'UTF-8' encoding to copy filtered resources.
2014-01-07 21:02:18,883 [Worker-0] INFO  o.e.m.c.i.embedder.EclipseLogger - skip non existing resourceDirectory C:\Ramz_Trainingz\JXLS\JXLS_workspace\JXLSProject\src\test\resources
2014-01-07 21:02:24,204 [Worker-8] INFO  o.e.m.c.i.embedder.EclipseLogger - Using 'UTF-8' encoding to copy filtered resources.
2014-01-07 21:02:24,207 [Worker-8] INFO  o.e.m.c.i.embedder.EclipseLogger - Copying 3 resources
2014-01-07 21:02:24,209 [Worker-8] INFO  o.e.m.c.i.embedder.EclipseLogger - Using 'UTF-8' encoding to copy filtered resources.
2014-01-07 21:02:24,209 [Worker-8] INFO  o.e.m.c.i.embedder.EclipseLogger - skip non existing resourceDirectory C:\Ramz_Trainingz\JXLS\JXLS_workspace\JXLSProject\src\test\resources
2014-01-07 21:02:26,949 [Worker-9] INFO  o.e.m.c.i.embedder.EclipseLogger - Using 'UTF-8' encoding to copy filtered resources.
2014-01-07 21:02:26,953 [Worker-9] INFO  o.e.m.c.i.embedder.EclipseLogger - Copying 3 resources
2014-01-07 21:02:26,957 [Worker-9] INFO  o.e.m.c.i.embedder.EclipseLogger - Using 'UTF-8' encoding to copy filtered resources.
2014-01-07 21:02:26,958 [Worker-9] INFO  o.e.m.c.i.embedder.EclipseLogger - skip non existing resourceDirectory C:\Ramz_Trainingz\JXLS\JXLS_workspace\JXLSProject\src\test\resources
2014-01-07 21:02:33,509 [Worker-1] INFO  o.e.m.c.i.embedder.EclipseLogger - Using 'UTF-8' encoding to copy filtered resources.
2014-01-07 21:02:33,514 [Worker-1] INFO  o.e.m.c.i.embedder.EclipseLogger - Copying 3 resources
2014-01-07 21:02:33,518 [Worker-1] INFO  o.e.m.c.i.embedder.EclipseLogger - Using 'UTF-8' encoding to copy filtered resources.
2014-01-07 21:02:33,518 [Worker-1] INFO  o.e.m.c.i.embedder.EclipseLogger - skip non existing resourceDirectory C:\Ramz_Trainingz\JXLS\JXLS_workspace\JXLSProject\src\test\resources
2014-01-07 21:02:38,365 [Worker-9] INFO  o.e.m.c.i.embedder.EclipseLogger - Using 'UTF-8' encoding to copy filtered resources.
2014-01-07 21:02:38,368 [Worker-9] INFO  o.e.m.c.i.embedder.EclipseLogger - Copying 3 resources
2014-01-07 21:02:38,370 [Worker-9] INFO  o.e.m.c.i.embedder.EclipseLogger - Using 'UTF-8' encoding to copy filtered resources.
2014-01-07 21:02:38,370 [Worker-9] INFO  o.e.m.c.i.embedder.EclipseLogger - skip non existing resourceDirectory C:\Ramz_Trainingz\JXLS\JXLS_workspace\JXLSProject\src\test\resources
2014-01-07 21:03:04,241 [Worker-10] INFO  o.e.m.c.i.embedder.EclipseLogger - Using 'UTF-8' encoding to copy filtered resources.
2014-01-07 21:03:04,244 [Worker-10] INFO  o.e.m.c.i.embedder.EclipseLogger - Copying 4 resources
2014-01-07 21:03:04,253 [Worker-10] INFO  o.e.m.c.i.embedder.EclipseLogger - Using 'UTF-8' encoding to copy filtered resources.
2014-01-07 21:03:04,253 [Worker-10] INFO  o.e.m.c.i.embedder.EclipseLogger - skip non existing resourceDirectory C:\Ramz_Trainingz\JXLS\JXLS_workspace\JXLSProject\src\test\resources
2014-01-07 21:04:33,000 [Worker-10] INFO  o.e.m.c.i.embedder.EclipseLogger - Using 'UTF-8' encoding to copy filtered resources.
2014-01-07 21:04:33,003 [Worker-10] INFO  o.e.m.c.i.embedder.EclipseLogger - Copying 3 resources
2014-01-07 21:04:33,007 [Worker-10] INFO  o.e.m.c.i.embedder.EclipseLogger - Using 'UTF-8' encoding to copy filtered resources.
2014-01-07 21:04:33,007 [Worker-10] INFO  o.e.m.c.i.embedder.EclipseLogger - skip non existing resourceDirectory C:\Ramz_Trainingz\JXLS\JXLS_workspace\JXLSProject\src\test\resources
2014-01-07 21:04:54,110 [Worker-11] INFO  o.e.m.c.i.embedder.EclipseLogger - Using 'UTF-8' encoding to copy filtered resources.
2014-01-07 21:04:54,114 [Worker-11] INFO  o.e.m.c.i.embedder.EclipseLogger - Copying 3 resources
2014-01-07 21:04:54,118 [Worker-11] INFO  o.e.m.c.i.embedder.EclipseLogger - Using 'UTF-8' encoding to copy filtered resources.
2014-01-07 21:04:54,118 [Worker-11] INFO  o.e.m.c.i.embedder.EclipseLogger - skip non existing resourceDirectory C:\Ramz_Trainingz\JXLS\JXLS_workspace\JXLSProject\src\test\resources
2014-01-07 21:04:56,411 [Worker-3] INFO  o.e.m.c.i.embedder.EclipseLogger - Using 'UTF-8' encoding to copy filtered resources.
2014-01-07 21:04:56,416 [Worker-3] INFO  o.e.m.c.i.embedder.EclipseLogger - Copying 3 resources
2014-01-07 21:04:56,421 [Worker-3] INFO  o.e.m.c.i.embedder.EclipseLogger - Using 'UTF-8' encoding to copy filtered resources.
2014-01-07 21:04:56,422 [Worker-3] INFO  o.e.m.c.i.embedder.EclipseLogger - skip non existing resourceDirectory C:\Ramz_Trainingz\JXLS\JXLS_workspace\JXLSProject\src\test\resources
2014-01-07 21:32:33,694 [Worker-14] INFO  o.e.m.c.i.embedder.EclipseLogger - Using 'UTF-8' encoding to copy filtered resources.
2014-01-07 21:32:33,699 [Worker-14] INFO  o.e.m.c.i.embedder.EclipseLogger - Copying 4 resources
2014-01-07 21:32:33,744 [Worker-14] INFO  o.e.m.c.i.embedder.EclipseLogger - Using 'UTF-8' encoding to copy filtered resources.
2014-01-07 21:32:33,745 [Worker-14] INFO  o.e.m.c.i.embedder.EclipseLogger - skip non existing resourceDirectory C:\Ramz_Trainingz\JXLS\JXLS_workspace\JXLSProject\src\test\resources
2014-01-07 21:33:05,504 [Worker-7] INFO  o.e.m.c.i.embedder.EclipseLogger - Using 'UTF-8' encoding to copy filtered resources.
2014-01-07 21:33:05,507 [Worker-7] INFO  o.e.m.c.i.embedder.EclipseLogger - Copying 4 resources
2014-01-07 21:33:05,512 [Worker-7] INFO  o.e.m.c.i.embedder.EclipseLogger - Using 'UTF-8' encoding to copy filtered resources.
2014-01-07 21:33:05,512 [Worker-7] INFO  o.e.m.c.i.embedder.EclipseLogger - skip non existing resourceDirectory C:\Ramz_Trainingz\JXLS\JXLS_workspace\JXLSProject\src\test\resources
2014-01-07 21:33:28,763 [Worker-13] INFO  o.e.m.c.i.embedder.EclipseLogger - Using 'UTF-8' encoding to copy filtered resources.
2014-01-07 21:33:28,768 [Worker-13] INFO  o.e.m.c.i.embedder.EclipseLogger - Copying 4 resources
2014-01-07 21:33:28,772 [Worker-13] INFO  o.e.m.c.i.embedder.EclipseLogger - Using 'UTF-8' encoding to copy filtered resources.
2014-01-07 21:33:28,772 [Worker-13] INFO  o.e.m.c.i.embedder.EclipseLogger - skip non existing resourceDirectory C:\Ramz_Trainingz\JXLS\JXLS_workspace\JXLSProject\src\test\resources
2014-01-07 21:33:47,847 [Worker-11] INFO  o.e.m.c.i.embedder.EclipseLogger - Using 'UTF-8' encoding to copy filtered resources.
2014-01-07 21:33:47,850 [Worker-11] INFO  o.e.m.c.i.embedder.EclipseLogger - Copying 4 resources
2014-01-07 21:33:47,854 [Worker-11] INFO  o.e.m.c.i.embedder.EclipseLogger - Using 'UTF-8' encoding to copy filtered resources.
2014-01-07 21:33:47,854 [Worker-11] INFO  o.e.m.c.i.embedder.EclipseLogger - skip non existing resourceDirectory C:\Ramz_Trainingz\JXLS\JXLS_workspace\JXLSProject\src\test\resources
2014-01-07 21:33:57,741 [Worker-14] INFO  o.e.m.c.i.embedder.EclipseLogger - Using 'UTF-8' encoding to copy filtered resources.
2014-01-07 21:33:57,744 [Worker-14] INFO  o.e.m.c.i.embedder.EclipseLogger - Copying 4 resources
2014-01-07 21:33:57,747 [Worker-14] INFO  o.e.m.c.i.embedder.EclipseLogger - Using 'UTF-8' encoding to copy filtered resources.
2014-01-07 21:33:57,748 [Worker-14] INFO  o.e.m.c.i.embedder.EclipseLogger - skip non existing resourceDirectory C:\Ramz_Trainingz\JXLS\JXLS_workspace\JXLSProject\src\test\resources
2014-01-07 21:46:25,167 [Worker-17] INFO  o.e.m.c.i.embedder.EclipseLogger - Using 'UTF-8' encoding to copy filtered resources.
2014-01-07 21:46:25,173 [Worker-17] INFO  o.e.m.c.i.embedder.EclipseLogger - Copying 4 resources
2014-01-07 21:46:25,200 [Worker-17] INFO  o.e.m.c.i.embedder.EclipseLogger - Using 'UTF-8' encoding to copy filtered resources.
2014-01-07 21:46:25,201 [Worker-17] INFO  o.e.m.c.i.embedder.EclipseLogger - skip non existing resourceDirectory C:\Ramz_Trainingz\JXLS\JXLS_workspace\JXLSProject\src\test\resources
2014-01-07 21:46:28,720 [Worker-11] INFO  o.e.m.c.i.embedder.EclipseLogger - Using 'UTF-8' encoding to copy filtered resources.
2014-01-07 21:46:28,725 [Worker-11] INFO  o.e.m.c.i.embedder.EclipseLogger - Copying 4 resources
2014-01-07 21:46:28,730 [Worker-11] INFO  o.e.m.c.i.embedder.EclipseLogger - Using 'UTF-8' encoding to copy filtered resources.
2014-01-07 21:46:28,731 [Worker-11] INFO  o.e.m.c.i.embedder.EclipseLogger - skip non existing resourceDirectory C:\Ramz_Trainingz\JXLS\JXLS_workspace\JXLSProject\src\test\resources
2014-01-07 21:48:45,662 [Worker-19] INFO  o.e.m.c.i.embedder.EclipseLogger - Using 'UTF-8' encoding to copy filtered resources.
2014-01-07 21:48:45,666 [Worker-19] INFO  o.e.m.c.i.embedder.EclipseLogger - Copying 4 resources
2014-01-07 21:48:45,693 [Worker-19] INFO  o.e.m.c.i.embedder.EclipseLogger - Using 'UTF-8' encoding to copy filtered resources.
2014-01-07 21:48:45,693 [Worker-19] INFO  o.e.m.c.i.embedder.EclipseLogger - skip non existing resourceDirectory C:\Ramz_Trainingz\JXLS\JXLS_workspace\JXLSProject\src\test\resources
2014-01-07 21:52:38,224 [Worker-21] INFO  o.e.m.c.i.embedder.EclipseLogger - Using 'UTF-8' encoding to copy filtered resources.
2014-01-07 21:52:38,227 [Worker-21] INFO  o.e.m.c.i.embedder.EclipseLogger - Copying 4 resources
2014-01-07 21:52:38,244 [Worker-21] INFO  o.e.m.c.i.embedder.EclipseLogger - Using 'UTF-8' encoding to copy filtered resources.
2014-01-07 21:52:38,244 [Worker-21] INFO  o.e.m.c.i.embedder.EclipseLogger - skip non existing resourceDirectory C:\Ramz_Trainingz\JXLS\JXLS_workspace\JXLSProject\src\test\resources
2014-01-07 21:53:28,585 [Worker-19] INFO  o.e.m.c.i.embedder.EclipseLogger - Using 'UTF-8' encoding to copy filtered resources.
2014-01-07 21:53:28,591 [Worker-19] INFO  o.e.m.c.i.embedder.EclipseLogger - Copying 4 resources
2014-01-07 21:53:28,596 [Worker-19] INFO  o.e.m.c.i.embedder.EclipseLogger - Using 'UTF-8' encoding to copy filtered resources.
2014-01-07 21:53:28,596 [Worker-19] INFO  o.e.m.c.i.embedder.EclipseLogger - skip non existing resourceDirectory C:\Ramz_Trainingz\JXLS\JXLS_workspace\JXLSProject\src\test\resources
2014-01-15 21:22:30,679 [Worker-1] INFO  o.e.m.c.i.embedder.EclipseLogger - Using 'UTF-8' encoding to copy filtered resources.
2014-01-15 21:22:30,686 [Worker-1] INFO  o.e.m.c.i.embedder.EclipseLogger - Copying 0 resource
2014-01-15 21:22:30,689 [Worker-1] INFO  o.e.m.c.i.embedder.EclipseLogger - Using 'UTF-8' encoding to copy filtered resources.
2014-01-15 21:22:30,689 [Worker-1] INFO  o.e.m.c.i.embedder.EclipseLogger - skip non existing resourceDirectory C:\Ramz_Trainingz\JXLS\JXLS_workspace\JXLSProject\src\test\resources
2014-01-16 22:00:04,024 [Worker-68] INFO  o.e.m.c.i.embedder.EclipseLogger - Using 'UTF-8' encoding to copy filtered resources.
2014-01-16 22:00:04,048 [Worker-68] INFO  o.e.m.c.i.embedder.EclipseLogger - Copying 0 resource
2014-01-16 22:00:04,052 [Worker-68] INFO  o.e.m.c.i.embedder.EclipseLogger - Using 'UTF-8' encoding to copy filtered resources.
2014-01-16 22:00:04,052 [Worker-68] INFO  o.e.m.c.i.embedder.EclipseLogger - skip non existing resourceDirectory C:\Ramz_Trainingz\JXLS\JXLS_workspace\JXLSProject\src\test\resources
2014-01-19 00:18:14,152 [Worker-40] INFO  o.e.m.c.i.embedder.EclipseLogger - Using 'UTF-8' encoding to copy filtered resources.
2014-01-19 00:18:14,162 [Worker-40] INFO  o.e.m.c.i.embedder.EclipseLogger - Copying 0 resource
2014-01-19 00:18:14,164 [Worker-40] INFO  o.e.m.c.i.embedder.EclipseLogger - Using 'UTF-8' encoding to copy filtered resources.
2014-01-19 00:18:14,165 [Worker-40] INFO  o.e.m.c.i.embedder.EclipseLogger - skip non existing resourceDirectory C:\Ramz_Trainingz\JXLS\JXLS_workspace\JXLSProject\src\test\resources
2014-01-29 19:12:59,435 [Worker-8] INFO  o.e.m.c.i.embedder.EclipseLogger - Using 'UTF-8' encoding to copy filtered resources.
2014-01-29 19:12:59,450 [Worker-8] INFO  o.e.m.c.i.embedder.EclipseLogger - Copying 0 resource
2014-01-29 19:12:59,455 [Worker-8] INFO  o.e.m.c.i.embedder.EclipseLogger - Using 'UTF-8' encoding to copy filtered resources.
2014-01-29 19:12:59,456 [Worker-8] INFO  o.e.m.c.i.embedder.EclipseLogger - skip non existing resourceDirectory C:\Ramz_Trainingz\JXLS\JXLS_workspace\JXLSProject\src\test\resources
2014-01-31 22:12:21,854 [Worker-4] INFO  o.e.m.c.i.embedder.EclipseLogger - Using 'UTF-8' encoding to copy filtered resources.
2014-01-31 22:12:21,863 [Worker-4] INFO  o.e.m.c.i.embedder.EclipseLogger - Copying 0 resource
2014-01-31 22:12:21,867 [Worker-4] INFO  o.e.m.c.i.embedder.EclipseLogger - Using 'UTF-8' encoding to copy filtered resources.
2014-01-31 22:12:21,867 [Worker-4] INFO  o.e.m.c.i.embedder.EclipseLogger - skip non existing resourceDirectory C:\Ramz_Trainingz\JXLS\JXLS_workspace\JXLSProject\src\test\resources
2014-02-01 23:32:24,046 [Worker-5] INFO  o.e.m.c.i.embedder.EclipseLogger - Using 'UTF-8' encoding to copy filtered resources.
2014-02-01 23:32:24,056 [Worker-5] INFO  o.e.m.c.i.embedder.EclipseLogger - Copying 0 resource
2014-02-01 23:32:24,059 [Worker-5] INFO  o.e.m.c.i.embedder.EclipseLogger - Using 'UTF-8' encoding to copy filtered resources.
2014-02-01 23:32:24,059 [Worker-5] INFO  o.e.m.c.i.embedder.EclipseLogger - skip non existing resourceDirectory C:\Ramz_Trainingz\JXLS\JXLS_workspace\JXLSProject\src\test\resources
2014-02-03 19:31:51,222 [Worker-1] INFO  o.e.m.c.i.embedder.EclipseLogger - Using 'UTF-8' encoding to copy filtered resources.
2014-02-03 19:31:51,232 [Worker-1] INFO  o.e.m.c.i.embedder.EclipseLogger - Copying 0 resource
2014-02-03 19:31:51,236 [Worker-1] INFO  o.e.m.c.i.embedder.EclipseLogger - Using 'UTF-8' encoding to copy filtered resources.
2014-02-03 19:31:51,237 [Worker-1] INFO  o.e.m.c.i.embedder.EclipseLogger - skip non existing resourceDirectory C:\Ramz_Trainingz\JXLS\JXLS_workspace\JXLSProject\src\test\resources
2014-02-05 16:35:39,864 [Worker-1] INFO  o.e.m.c.i.embedder.EclipseLogger - Using 'UTF-8' encoding to copy filtered resources.
2014-02-05 16:35:39,877 [Worker-1] INFO  o.e.m.c.i.embedder.EclipseLogger - Copying 0 resource
2014-02-05 16:35:39,882 [Worker-1] INFO  o.e.m.c.i.embedder.EclipseLogger - Using 'UTF-8' encoding to copy filtered resources.
2014-02-05 16:35:39,882 [Worker-1] INFO  o.e.m.c.i.embedder.EclipseLogger - skip non existing resourceDirectory C:\Ramz_Trainingz\JXLS\JXLS_workspace\JXLSProject\src\test\resources
2014-02-07 12:50:06,086 [ModalContext] WARN  o.e.m.i.discovery.MavenDiscovery - CatalogItem org.eclipse.m2e.discovery.lifecyclemapping.m2e-egit does not contain lifecycle mapping metadata
2014-02-07 12:50:06,122 [ModalContext] WARN  o.e.m.i.discovery.MavenDiscovery - CatalogItem org.eclipse.m2e.discovery.lifecyclemapping.m2e-subversive does not contain lifecycle mapping metadata
2014-02-07 12:50:06,125 [ModalContext] WARN  o.e.m.i.discovery.MavenDiscovery - CatalogItem org.eclipse.m2e.discovery.lifecyclemapping.m2e-subclipse does not contain lifecycle mapping metadata
2014-02-07 12:50:24,164 [Worker-107] INFO  o.e.m.c.i.l.LifecycleMappingFactory - Using org.eclipse.m2e.jdt.JarLifecycleMapping lifecycle mapping for MavenProject: net.sf.jxls:jxls-reader:1.0.2 @ C:\Ramz_Trainingz\JXLS\jxls-1.0.2\src\jxls-reader\pom.xml.
2014-02-07 12:50:24,843 [Worker-107] INFO  c.n.h.c.p.n.NettyAsyncHttpProvider - Number of application's worked threads is 8
2014-02-07 12:50:25,901 [New I/O client worker #1-1] INFO  o.e.m.c.i.e.AbstractTransferListenerAdapter - Downloading http://repo.maven.apache.org/maven2/junit/junit/3.8.2/junit-3.8.2.pom
2014-02-07 12:50:25,907 [New I/O client worker #1-1] INFO  o.e.m.c.i.e.AbstractTransferListenerAdapter - Downloaded http://repo.maven.apache.org/maven2/junit/junit/3.8.2/junit-3.8.2.pom
2014-02-07 12:50:26,250 [Worker-107] INFO  c.n.h.c.p.n.NettyAsyncHttpProvider - Number of application's worked threads is 8
2014-02-07 12:50:26,787 [New I/O client worker #2-1] INFO  o.e.m.c.i.e.AbstractTransferListenerAdapter - Downloading http://repo.maven.apache.org/maven2/hsqldb/hsqldb/1.8.0.10/hsqldb-1.8.0.10.pom
2014-02-07 12:50:26,788 [New I/O client worker #2-1] INFO  o.e.m.c.i.e.AbstractTransferListenerAdapter - Downloaded http://repo.maven.apache.org/maven2/hsqldb/hsqldb/1.8.0.10/hsqldb-1.8.0.10.pom
2014-02-07 12:50:27,136 [Worker-107] INFO  c.n.h.c.p.n.NettyAsyncHttpProvider - Number of application's worked threads is 8
2014-02-07 12:50:27,677 [New I/O client worker #3-1] INFO  o.e.m.c.i.e.AbstractTransferListenerAdapter - Downloading http://repo.maven.apache.org/maven2/junit/junit/3.8.2/junit-3.8.2.jar
2014-02-07 12:50:27,687 [New I/O client worker #3-2] INFO  o.e.m.c.i.e.AbstractTransferListenerAdapter - Downloading http://repo.maven.apache.org/maven2/hsqldb/hsqldb/1.8.0.10/hsqldb-1.8.0.10.jar
2014-02-07 12:50:29,025 [New I/O client worker #3-1] INFO  o.e.m.c.i.e.AbstractTransferListenerAdapter - Downloaded http://repo.maven.apache.org/maven2/junit/junit/3.8.2/junit-3.8.2.jar
2014-02-07 12:50:30,887 [New I/O client worker #3-2] INFO  o.e.m.c.i.e.AbstractTransferListenerAdapter - Downloaded http://repo.maven.apache.org/maven2/hsqldb/hsqldb/1.8.0.10/hsqldb-1.8.0.10.jar
2014-02-07 12:50:32,143 [Worker-107] WARN  o.e.m.c.i.embedder.EclipseLogger - Failed to dispatch repository event to org.eclipse.m2e.core.internal.embedder.EclipseRepositoryListener: null
2014-02-07 12:50:32,296 [Worker-107] INFO  o.e.m.c.i.l.LifecycleMappingFactory - Using org.eclipse.m2e.jdt.JarLifecycleMapping lifecycle mapping for MavenProject: JXLSProject:JXLSProject:0.0.1-SNAPSHOT @ C:\Ramz_Trainingz\JXLS\JXLS_workspace\JXLSProject\pom.xml.
2014-02-07 12:50:35,108 [Worker-107] INFO  o.e.m.j.i.AbstractJavaProjectConfigurator - Adding source folder /jxls-reader/src/main/java
2014-02-07 12:50:35,110 [Worker-107] INFO  o.e.m.j.i.AbstractJavaProjectConfigurator - Adding resource folder /jxls-reader/src/main/resources
2014-02-07 12:50:35,112 [Worker-107] INFO  o.e.m.j.i.AbstractJavaProjectConfigurator - Adding source folder /jxls-reader/src/test/java
2014-02-07 12:50:35,113 [Worker-107] INFO  o.e.m.j.i.AbstractJavaProjectConfigurator - Adding resource folder /jxls-reader/src/test/resources
2014-02-07 12:50:35,633 [Worker-106] INFO  o.e.m.c.i.l.LifecycleMappingFactory - Using org.eclipse.m2e.jdt.JarLifecycleMapping lifecycle mapping for MavenProject: net.sf.jxls:jxls-reader:1.0.2 @ C:\Ramz_Trainingz\JXLS\jxls-1.0.2\src\jxls-reader\pom.xml.
2014-02-07 12:50:35,653 [Worker-107] INFO  o.e.m.c.i.p.ProjectConfigurationManager - Project import completed 12 sec
2014-02-07 12:50:35,988 [Worker-105] INFO  o.e.m.c.i.p.ProjectConfigurationManager - Update started
2014-02-07 12:50:35,988 [Worker-105] INFO  o.e.m.c.i.p.ProjectConfigurationManager - Update completed: 0 sec
2014-02-07 12:50:36,035 [Worker-103] INFO  o.e.m.c.i.embedder.EclipseLogger - Using 'UTF-8' encoding to copy filtered resources.
2014-02-07 12:50:36,040 [Worker-103] INFO  o.e.m.c.i.embedder.EclipseLogger - Copying 0 resource
2014-02-07 12:50:36,043 [Worker-103] INFO  o.e.m.c.i.embedder.EclipseLogger - Using 'UTF-8' encoding to copy filtered resources.
2014-02-07 12:50:36,043 [Worker-103] INFO  o.e.m.c.i.embedder.EclipseLogger - skip non existing resourceDirectory C:\Ramz_Trainingz\JXLS\JXLS_workspace\JXLSProject\src\test\resources
2014-02-07 12:50:38,258 [Worker-103] INFO  o.e.m.c.i.l.LifecycleMappingFactory - Using org.eclipse.m2e.jdt.JarLifecycleMapping lifecycle mapping for MavenProject: net.sf.jxls:jxls-reader:1.0.2 @ C:\Ramz_Trainingz\JXLS\jxls-1.0.2\src\jxls-reader\pom.xml.
2014-02-07 12:50:38,707 [Worker-103] WARN  o.e.m.c.i.embedder.EclipseLogger - Using platform encoding (Cp1252 actually) to copy filtered resources, i.e. build is platform dependent!
2014-02-07 12:50:38,709 [Worker-103] INFO  o.e.m.c.i.embedder.EclipseLogger - Copying 0 resource
2014-02-07 12:50:38,711 [Worker-103] WARN  o.e.m.c.i.embedder.EclipseLogger - Using platform encoding (Cp1252 actually) to copy filtered resources, i.e. build is platform dependent!
2014-02-07 12:50:38,716 [Worker-103] INFO  o.e.m.c.i.embedder.EclipseLogger - Copying 15 resources
2014-02-07 12:50:40,337 [Worker-112] INFO  o.e.m.c.i.l.LifecycleMappingFactory - Using org.eclipse.m2e.jdt.JarLifecycleMapping lifecycle mapping for MavenProject: net.sf.jxls:jxls-reader:1.0.2 @ C:\Ramz_Trainingz\JXLS\jxls-1.0.2\src\jxls-reader\pom.xml.
2014-02-07 12:50:41,334 [Worker-113] WARN  o.e.m.c.i.embedder.EclipseLogger - Using platform encoding (Cp1252 actually) to copy filtered resources, i.e. build is platform dependent!
2014-02-07 12:50:41,336 [Worker-113] INFO  o.e.m.c.i.embedder.EclipseLogger - Copying 0 resource
2014-02-07 12:50:41,338 [Worker-113] WARN  o.e.m.c.i.embedder.EclipseLogger - Using platform encoding (Cp1252 actually) to copy filtered resources, i.e. build is platform dependent!
2014-02-07 12:50:41,339 [Worker-113] INFO  o.e.m.c.i.embedder.EclipseLogger - Copying 0 resource
2014-02-07 17:49:38,085 [Worker-184] WARN  o.e.m.c.i.embedder.EclipseLogger - Using platform encoding (Cp1252 actually) to copy filtered resources, i.e. build is platform dependent!
2014-02-07 17:49:38,088 [Worker-184] INFO  o.e.m.c.i.embedder.EclipseLogger - Copying 0 resource
2014-02-07 17:49:38,090 [Worker-184] WARN  o.e.m.c.i.embedder.EclipseLogger - Using platform encoding (Cp1252 actually) to copy filtered resources, i.e. build is platform dependent!
2014-02-07 17:49:38,105 [Worker-184] INFO  o.e.m.c.i.embedder.EclipseLogger - Copying 15 resources
2014-02-09 21:31:56,885 [Worker-6] WARN  o.e.m.c.i.embedder.EclipseLogger - Using platform encoding (Cp1252 actually) to copy filtered resources, i.e. build is platform dependent!
2014-02-09 21:31:56,897 [Worker-6] INFO  o.e.m.c.i.embedder.EclipseLogger - Copying 0 resource
2014-02-09 21:31:56,901 [Worker-6] WARN  o.e.m.c.i.embedder.EclipseLogger - Using platform encoding (Cp1252 actually) to copy filtered resources, i.e. build is platform dependent!
2014-02-09 21:31:56,905 [Worker-6] INFO  o.e.m.c.i.embedder.EclipseLogger - Copying 15 resources
2014-02-10 19:33:29,871 [Worker-1] INFO  o.e.m.c.i.embedder.EclipseLogger - Using 'UTF-8' encoding to copy filtered resources.
2014-02-10 19:33:29,888 [Worker-1] INFO  o.e.m.c.i.embedder.EclipseLogger - Copying 0 resource
2014-02-10 19:33:29,892 [Worker-1] INFO  o.e.m.c.i.embedder.EclipseLogger - Using 'UTF-8' encoding to copy filtered resources.
2014-02-10 19:33:29,893 [Worker-1] INFO  o.e.m.c.i.embedder.EclipseLogger - skip non existing resourceDirectory C:\Ramz_Trainingz\JXLS\JXLS_workspace\JXLSProject\src\test\resources
2014-02-10 19:33:33,179 [Worker-1] WARN  o.e.m.c.i.embedder.EclipseLogger - Using platform encoding (Cp1252 actually) to copy filtered resources, i.e. build is platform dependent!
2014-02-10 19:33:33,184 [Worker-1] INFO  o.e.m.c.i.embedder.EclipseLogger - Copying 0 resource
2014-02-10 19:33:33,188 [Worker-1] WARN  o.e.m.c.i.embedder.EclipseLogger - Using platform encoding (Cp1252 actually) to copy filtered resources, i.e. build is platform dependent!
2014-02-10 19:33:33,195 [Worker-1] INFO  o.e.m.c.i.embedder.EclipseLogger - Copying 15 resources
2014-02-10 22:27:50,715 [Worker-62] WARN  o.e.m.c.i.embedder.EclipseLogger - Using platform encoding (Cp1252 actually) to copy filtered resources, i.e. build is platform dependent!
2014-02-10 22:27:50,722 [Worker-62] INFO  o.e.m.c.i.embedder.EclipseLogger - Copying 0 resource
2014-02-10 22:27:50,724 [Worker-62] WARN  o.e.m.c.i.embedder.EclipseLogger - Using platform encoding (Cp1252 actually) to copy filtered resources, i.e. build is platform dependent!
2014-02-10 22:27:50,767 [Worker-62] INFO  o.e.m.c.i.embedder.EclipseLogger - Copying 15 resources
2014-02-11 15:24:56,881 [Worker-1] INFO  o.e.m.c.i.embedder.EclipseLogger - Using 'UTF-8' encoding to copy filtered resources.
2014-02-11 15:24:56,889 [Worker-1] INFO  o.e.m.c.i.embedder.EclipseLogger - Copying 0 resource
2014-02-11 15:24:56,892 [Worker-1] INFO  o.e.m.c.i.embedder.EclipseLogger - Using 'UTF-8' encoding to copy filtered resources.
2014-02-11 15:24:56,893 [Worker-1] INFO  o.e.m.c.i.embedder.EclipseLogger - skip non existing resourceDirectory C:\Ramz_Trainingz\JXLS\JXLS_workspace\JXLSProject\src\test\resources
2014-02-11 15:24:57,124 [Worker-1] WARN  o.e.m.c.i.embedder.EclipseLogger - Using platform encoding (Cp1252 actually) to copy filtered resources, i.e. build is platform dependent!
2014-02-11 15:24:57,126 [Worker-1] INFO  o.e.m.c.i.embedder.EclipseLogger - Copying 0 resource
2014-02-11 15:24:57,128 [Worker-1] WARN  o.e.m.c.i.embedder.EclipseLogger - Using platform encoding (Cp1252 actually) to copy filtered resources, i.e. build is platform dependent!
2014-02-11 15:24:57,134 [Worker-1] INFO  o.e.m.c.i.embedder.EclipseLogger - Copying 15 resources
